<?xml version="1.0" encoding="UTF-8"?>
<!-- Generated by org.testng.reporters.JUnitReportReporter -->
<testsuite name="com.epam.dao.impl.TstNewsDAOFinfByTitle" tests="3" time="0.020" ignored="0" failures="0" timestamp="05 фев 2017 23:04:22 GMT" skipped="0" hostname="DESKTOP-0D9IMT3" errors="0">
  <testcase name="tstAddNews" time="0.019" classname="com.epam.dao.impl.TstNewsDAOFinfByTitle"/>
  <testcase name="tstAddNews" time="0.000" classname="com.epam.dao.impl.TstNewsDAOFinfByTitle"/>
  <testcase name="tstAddNews" time="0.001" classname="com.epam.dao.impl.TstNewsDAOFinfByTitle"/>
</testsuite> <!-- com.epam.dao.impl.TstNewsDAOFinfByTitle -->
